<?xml version="1.0" encoding="UTF-8"?>
<!-- Generated by org.testng.reporters.JUnitXMLReporter -->
<testsuite ignored="8" hostname="Abi" failures="1" tests="17" name="herokuappTest" time="172.497" errors="0" timestamp="2024-12-18T22:43:43 IST">
  <testcase classname="test.signUpTest" name="validateSignupTest" time="2.06"/>
  <testcase classname="test.loginTest" name="invalidLoginTest" time="1.755"/>
  <testcase classname="test.loginTest" name="validateLoginTest" time="2.023"/>
  <testcase classname="test.addContactTest" name="validateAddContactTest" time="30.751">
    <failure type="org.openqa.selenium.StaleElementReferenceException" message="stale element reference: stale element not found
  (Session info: chrome=131.0.6778.140)
For documentation on this error, please visit: https://www.selenium.dev/documentation/webdriver/troubleshooting/errors#stale-element-reference-exception
Build info: version: &amp;apos;4.25.0&amp;apos;, revision: &amp;apos;8a8aea2337&amp;apos;
System info: os.name: &amp;apos;Windows 11&amp;apos;, os.arch: &amp;apos;amd64&amp;apos;, os.version: &amp;apos;10.0&amp;apos;, java.version: &amp;apos;22.0.2&amp;apos;
Driver info: org.openqa.selenium.chrome.ChromeDriver
Command: [70ab9566833f9d2b1a1dbfb7992611d4, clickElement {id=f.3A301BF967DDFBCD6EA19DF4ADBF7FCF.d.3882DCBF793FFEEAC2D6461A457BF077.e.146}]
Capabilities {acceptInsecureCerts: false, browserName: chrome, browserVersion: 131.0.6778.140, chrome: {chromedriverVersion: 131.0.6778.108 (3b014839fbc..., userDataDir: C:\Users\girit\AppData\Loca...}, fedcm:accounts: true, goog:chromeOptions: {debuggerAddress: localhost:59662}, networkConnectionEnabled: false, pageLoadStrategy: normal, platformName: windows, proxy: Proxy(), se:cdp: ws://localhost:59662/devtoo..., se:cdpVersion: 131.0.6778.140, setWindowRect: true, strictFileInteractability: false, timeouts: {implicit: 0, pageLoad: 300000, script: 30000}, unhandledPromptBehavior: dismiss and notify, webauthn:extension:credBlob: true, webauthn:extension:largeBlob: true, webauthn:extension:minPinLength: true, webauthn:extension:prf: true, webauthn:virtualAuthenticators: true}
Element: [[ChromeDriver: chrome on windows (70ab9566833f9d2b1a1dbfb7992611d4)] -&amp;gt; id: add-contact]
Session ID: 70ab9566833f9d2b1a1dbfb7992611d4">
      <![CDATA[org.openqa.selenium.StaleElementReferenceException: stale element reference: stale element not found
  (Session info: chrome=131.0.6778.140)
For documentation on this error, please visit: https://www.selenium.dev/documentation/webdriver/troubleshooting/errors#stale-element-reference-exception
Build info: version: '4.25.0', revision: '8a8aea2337'
System info: os.name: 'Windows 11', os.arch: 'amd64', os.version: '10.0', java.version: '22.0.2'
Driver info: org.openqa.selenium.chrome.ChromeDriver
Command: [70ab9566833f9d2b1a1dbfb7992611d4, clickElement {id=f.3A301BF967DDFBCD6EA19DF4ADBF7FCF.d.3882DCBF793FFEEAC2D6461A457BF077.e.146}]
Capabilities {acceptInsecureCerts: false, browserName: chrome, browserVersion: 131.0.6778.140, chrome: {chromedriverVersion: 131.0.6778.108 (3b014839fbc..., userDataDir: C:\Users\girit\AppData\Loca...}, fedcm:accounts: true, goog:chromeOptions: {debuggerAddress: localhost:59662}, networkConnectionEnabled: false, pageLoadStrategy: normal, platformName: windows, proxy: Proxy(), se:cdp: ws://localhost:59662/devtoo..., se:cdpVersion: 131.0.6778.140, setWindowRect: true, strictFileInteractability: false, timeouts: {implicit: 0, pageLoad: 300000, script: 30000}, unhandledPromptBehavior: dismiss and notify, webauthn:extension:credBlob: true, webauthn:extension:largeBlob: true, webauthn:extension:minPinLength: true, webauthn:extension:prf: true, webauthn:virtualAuthenticators: true}
Element: [[ChromeDriver: chrome on windows (70ab9566833f9d2b1a1dbfb7992611d4)] -> id: add-contact]
Session ID: 70ab9566833f9d2b1a1dbfb7992611d4
at org.openqa.selenium.remote.ErrorCodec.decode(ErrorCodec.java:167)
at org.openqa.selenium.remote.codec.w3c.W3CHttpResponseCodec.decode(W3CHttpResponseCodec.java:138)
at org.openqa.selenium.remote.codec.w3c.W3CHttpResponseCodec.decode(W3CHttpResponseCodec.java:50)
at org.openqa.selenium.remote.HttpCommandExecutor.execute(HttpCommandExecutor.java:190)
at org.openqa.selenium.remote.service.DriverCommandExecutor.invokeExecute(DriverCommandExecutor.java:216)
at org.openqa.selenium.remote.service.DriverCommandExecutor.execute(DriverCommandExecutor.java:174)
at org.openqa.selenium.remote.RemoteWebDriver.execute(RemoteWebDriver.java:545)
at org.openqa.selenium.remote.RemoteWebElement.execute(RemoteWebElement.java:223)
at org.openqa.selenium.remote.RemoteWebElement.click(RemoteWebElement.java:76)
at org.openqa.selenium.support.pagefactory.internal.LocatingElementHandler.invoke(LocatingElementHandler.java:51)
at jdk.proxy2/jdk.proxy2.$Proxy21.click(Unknown Source)
at pages.contactListPage.clickAddNewContactButton(contactListPage.java:33)
at pages.addContactPage.validateAddContact(addContactPage.java:90)
at test.addContactTest.validateAddContactTest(addContactTest.java:78)
at java.base/java.util.ArrayList.forEach(ArrayList.java:1597)
... Removed 30 stack frames]]>
    </failure>
  </testcase> <!-- validateAddContactTest -->
  <testcase classname="test.addContactTest" name="validateAddContactTest" time="5.505"/>
  <testcase classname="test.addContactTest" name="validateAddContactTest" time="4.462"/>
  <testcase classname="test.addContactTest" name="validateAddContactTest" time="5.384"/>
  <testcase classname="test.addContactTest" name="validateAddContactTest" time="6.493"/>
  <testcase classname="test.addContactTest" name="validateAddContactTest" time="5.502"/>
  <testcase classname="test.addContactTest" name="validateAddContactTest" time="6.013"/>
  <testcase classname="test.addContactTest" name="validateAddContactTest" time="7.315"/>
  <testcase classname="test.addContactTest" name="validateAddContactTest" time="8.032"/>
  <testcase classname="test.contactDetailTest" name="checkContactDetail" time="2.946"/>
  <testcase classname="test.contactDetailTest" name="deleteContactTest" time="4.635"/>
  <testcase classname="test.contactDetailTest" name="editContactDetailTest" time="7.029"/>
  <testcase classname="test.contactListTest" name="logoutTest" time="4.0"/>
  <testcase classname="test.contactListTest" name="validateContactDisplayTest" time="2.522"/>
  <testcase classname="base.projectSpecification" name="@BeforeSuite reportInitilization" time="0.0">
    <ignored/>
  </testcase> <!-- @BeforeSuite reportInitilization -->
  <testcase classname="base.projectSpecification" name="@BeforeSuite reportInitilization" time="0.0">
    <ignored/>
  </testcase> <!-- @BeforeSuite reportInitilization -->
  <testcase classname="base.projectSpecification" name="@BeforeSuite reportInitilization" time="0.0">
    <ignored/>
  </testcase> <!-- @BeforeSuite reportInitilization -->
  <testcase classname="base.projectSpecification" name="@BeforeSuite reportInitilization" time="0.0">
    <ignored/>
  </testcase> <!-- @BeforeSuite reportInitilization -->
  <testcase classname="base.projectSpecification" name="@AfterSuite reportClose" time="0.0">
    <ignored/>
  </testcase> <!-- @AfterSuite reportClose -->
  <testcase classname="base.projectSpecification" name="@AfterSuite reportClose" time="0.0">
    <ignored/>
  </testcase> <!-- @AfterSuite reportClose -->
  <testcase classname="base.projectSpecification" name="@AfterSuite reportClose" time="0.0">
    <ignored/>
  </testcase> <!-- @AfterSuite reportClose -->
  <testcase classname="base.projectSpecification" name="@AfterSuite reportClose" time="0.0">
    <ignored/>
  </testcase> <!-- @AfterSuite reportClose -->
</testsuite> <!-- herokuappTest -->
