<html>
<head>
<title>TestNG:  herokuappTest</title>
<link href="../testng.css" rel="stylesheet" type="text/css" />
<link href="../my-testng.css" rel="stylesheet" type="text/css" />

<style type="text/css">
.log { display: none;} 
.stack-trace { display: none;} 
</style>
<script type="text/javascript">
<!--
function flip(e) {
  current = e.style.display;
  if (current == 'block') {
    e.style.display = 'none';
    return 0;
  }
  else {
    e.style.display = 'block';
    return 1;
  }
}

function toggleBox(szDivId, elem, msg1, msg2)
{
  var res = -1;  if (document.getElementById) {
    res = flip(document.getElementById(szDivId));
  }
  else if (document.all) {
    // this is the way old msie versions work
    res = flip(document.all[szDivId]);
  }
  if(elem) {
    if(res == 0) elem.innerHTML = msg1; else elem.innerHTML = msg2;
  }

}

function toggleAllBoxes() {
  if (document.getElementsByTagName) {
    d = document.getElementsByTagName('div');
    for (i = 0; i < d.length; i++) {
      if (d[i].className == 'log') {
        flip(d[i]);
      }
    }
  }
}

// -->
</script>

</head>
<body>
<h2 align='center'>herokuappTest</h2><table border='1' align="center">
<tr>
<td>Tests passed/Failed/Skipped:</td><td>16/1/0</td>
</tr><tr>
<td>Started on:</td><td>Wed Dec 18 22:40:50 IST 2024</td>
</tr>
<tr><td>Total time:</td><td>172 seconds (172497 ms)</td>
</tr><tr>
<td>Included groups:</td><td></td>
</tr><tr>
<td>Excluded groups:</td><td></td>
</tr>
</table><p/>
<small><i>(Hover the method name to see the test class name)</i></small><p/>
<table width='100%' border='1' class='invocation-failed'>
<tr><td colspan='4' align='center'><b>FAILED TESTS</b></td></tr>
<tr><td><b>Test method</b></td>
<td width="30%"><b>Exception</b></td>
<td width="10%"><b>Time (seconds)</b></td>
<td><b>Instance</b></td>
</tr>
<tr>
<td title='test.addContactTest.validateAddContactTest()'><b>validateAddContactTest</b><br>Test class: test.addContactTest<br>Parameters: TC_001, Success Scenario, Abirami, Srinivasan, 2000-08-23, abirami@gmail.com, +919966879856, 24,Mariamman kovil Street,, Saravana Nagar,Unniyur, Trichy, Tamilnadu, 637058, India, Contact Added Successfully, My Contacts</td>
<td><div><pre>org.openqa.selenium.StaleElementReferenceException: stale element reference: stale element not found
  (Session info: chrome=131.0.6778.140)
For documentation on this error, please visit: https://www.selenium.dev/documentation/webdriver/troubleshooting/errors#stale-element-reference-exception
Build info: version: &apos;4.25.0&apos;, revision: &apos;8a8aea2337&apos;
System info: os.name: &apos;Windows 11&apos;, os.arch: &apos;amd64&apos;, os.version: &apos;10.0&apos;, java.version: &apos;22.0.2&apos;
Driver info: org.openqa.selenium.chrome.ChromeDriver
Command: [70ab9566833f9d2b1a1dbfb7992611d4, clickElement {id=f.3A301BF967DDFBCD6EA19DF4ADBF7FCF.d.3882DCBF793FFEEAC2D6461A457BF077.e.146}]
Capabilities {acceptInsecureCerts: false, browserName: chrome, browserVersion: 131.0.6778.140, chrome: {chromedriverVersion: 131.0.6778.108 (3b014839fbc..., userDataDir: C:\Users\girit\AppData\Loca...}, fedcm:accounts: true, goog:chromeOptions: {debuggerAddress: localhost:59662}, networkConnectionEnabled: false, pageLoadStrategy: normal, platformName: windows, proxy: Proxy(), se:cdp: ws://localhost:59662/devtoo..., se:cdpVersion: 131.0.6778.140, setWindowRect: true, strictFileInteractability: false, timeouts: {implicit: 0, pageLoad: 300000, script: 30000}, unhandledPromptBehavior: dismiss and notify, webauthn:extension:credBlob: true, webauthn:extension:largeBlob: true, webauthn:extension:minPinLength: true, webauthn:extension:prf: true, webauthn:virtualAuthenticators: true}
Element: [[ChromeDriver: chrome on windows (70ab9566833f9d2b1a1dbfb7992611d4)] -&gt; id: add-contact]
Session ID: 70ab9566833f9d2b1a1dbfb7992611d4
	at org.openqa.selenium.remote.ErrorCodec.decode(ErrorCodec.java:167)
	at org.openqa.selenium.remote.codec.w3c.W3CHttpResponseCodec.decode(W3CHttpResponseCodec.java:138)
	at org.openqa.selenium.remote.codec.w3c.W3CHttpResponseCodec.decode(W3CHttpResponseCodec.java:50)
	at org.openqa.selenium.remote.HttpCommandExecutor.execute(HttpCommandExecutor.java:190)
	at org.openqa.selenium.remote.service.DriverCommandExecutor.invokeExecute(DriverCommandExecutor.java:216)
	at org.openqa.selenium.remote.service.DriverCommandExecutor.execute(DriverCommandExecutor.java:174)
	at org.openqa.selenium.remote.RemoteWebDriver.execute(RemoteWebDriver.java:545)
	at org.openqa.selenium.remote.RemoteWebElement.execute(RemoteWebElement.java:223)
	at org.openqa.selenium.remote.RemoteWebElement.click(RemoteWebElement.java:76)
	at org.openqa.selenium.support.pagefactory.internal.LocatingElementHandler.invoke(LocatingElementHandler.java:51)
	at jdk.proxy2/jdk.proxy2.$Proxy21.click(Unknown Source)
	at pages.contactListPage.clickAddNewContactButton(contactListPage.java:33)
	at pages.addContactPage.validateAddContact(addContactPage.java:90)
	at test.addContactTest.validateAddContactTest(addContactTest.java:78)
	at java.base/java.util.ArrayList.forEach(ArrayList.java:1597)
... Removed 30 stack frames</pre></div><a href='#' onClick='toggleBox("stack-trace879292014", this, "Click to show all stack frames", "Click to hide stack frames")'>Click to show all stack frames</a>
<div class='stack-trace' id='stack-trace879292014'><pre>org.openqa.selenium.StaleElementReferenceException: stale element reference: stale element not found
  (Session info: chrome=131.0.6778.140)
For documentation on this error, please visit: https://www.selenium.dev/documentation/webdriver/troubleshooting/errors#stale-element-reference-exception
Build info: version: &apos;4.25.0&apos;, revision: &apos;8a8aea2337&apos;
System info: os.name: &apos;Windows 11&apos;, os.arch: &apos;amd64&apos;, os.version: &apos;10.0&apos;, java.version: &apos;22.0.2&apos;
Driver info: org.openqa.selenium.chrome.ChromeDriver
Command: [70ab9566833f9d2b1a1dbfb7992611d4, clickElement {id=f.3A301BF967DDFBCD6EA19DF4ADBF7FCF.d.3882DCBF793FFEEAC2D6461A457BF077.e.146}]
Capabilities {acceptInsecureCerts: false, browserName: chrome, browserVersion: 131.0.6778.140, chrome: {chromedriverVersion: 131.0.6778.108 (3b014839fbc..., userDataDir: C:\Users\girit\AppData\Loca...}, fedcm:accounts: true, goog:chromeOptions: {debuggerAddress: localhost:59662}, networkConnectionEnabled: false, pageLoadStrategy: normal, platformName: windows, proxy: Proxy(), se:cdp: ws://localhost:59662/devtoo..., se:cdpVersion: 131.0.6778.140, setWindowRect: true, strictFileInteractability: false, timeouts: {implicit: 0, pageLoad: 300000, script: 30000}, unhandledPromptBehavior: dismiss and notify, webauthn:extension:credBlob: true, webauthn:extension:largeBlob: true, webauthn:extension:minPinLength: true, webauthn:extension:prf: true, webauthn:virtualAuthenticators: true}
Element: [[ChromeDriver: chrome on windows (70ab9566833f9d2b1a1dbfb7992611d4)] -&gt; id: add-contact]
Session ID: 70ab9566833f9d2b1a1dbfb7992611d4
	at java.base/jdk.internal.reflect.DirectConstructorHandleAccessor.newInstance(DirectConstructorHandleAccessor.java:62)
	at java.base/java.lang.reflect.Constructor.newInstanceWithCaller(Constructor.java:502)
	at java.base/java.lang.reflect.Constructor.newInstance(Constructor.java:486)
	at org.openqa.selenium.remote.ErrorCodec.decode(ErrorCodec.java:167)
	at org.openqa.selenium.remote.codec.w3c.W3CHttpResponseCodec.decode(W3CHttpResponseCodec.java:138)
	at org.openqa.selenium.remote.codec.w3c.W3CHttpResponseCodec.decode(W3CHttpResponseCodec.java:50)
	at org.openqa.selenium.remote.HttpCommandExecutor.execute(HttpCommandExecutor.java:190)
	at org.openqa.selenium.remote.service.DriverCommandExecutor.invokeExecute(DriverCommandExecutor.java:216)
	at org.openqa.selenium.remote.service.DriverCommandExecutor.execute(DriverCommandExecutor.java:174)
	at org.openqa.selenium.remote.RemoteWebDriver.execute(RemoteWebDriver.java:545)
	at org.openqa.selenium.remote.RemoteWebElement.execute(RemoteWebElement.java:223)
	at org.openqa.selenium.remote.RemoteWebElement.click(RemoteWebElement.java:76)
	at java.base/jdk.internal.reflect.DirectMethodHandleAccessor.invoke(DirectMethodHandleAccessor.java:103)
	at java.base/java.lang.reflect.Method.invoke(Method.java:580)
	at org.openqa.selenium.support.pagefactory.internal.LocatingElementHandler.invoke(LocatingElementHandler.java:51)
	at jdk.proxy2/jdk.proxy2.$Proxy21.click(Unknown Source)
	at pages.contactListPage.clickAddNewContactButton(contactListPage.java:33)
	at pages.addContactPage.validateAddContact(addContactPage.java:90)
	at test.addContactTest.validateAddContactTest(addContactTest.java:78)
	at java.base/jdk.internal.reflect.DirectMethodHandleAccessor.invoke(DirectMethodHandleAccessor.java:103)
	at java.base/java.lang.reflect.Method.invoke(Method.java:580)
	at org.testng.internal.MethodInvocationHelper.invokeMethod(MethodInvocationHelper.java:133)
	at org.testng.internal.TestInvoker.invokeMethod(TestInvoker.java:598)
	at org.testng.internal.TestInvoker.invokeTestMethod(TestInvoker.java:173)
	at org.testng.internal.MethodRunner.runInSequence(MethodRunner.java:46)
	at org.testng.internal.TestInvoker$MethodInvocationAgent.invoke(TestInvoker.java:824)
	at org.testng.internal.TestInvoker.invokeTestMethods(TestInvoker.java:146)
	at org.testng.internal.TestMethodWorker.invokeTestMethods(TestMethodWorker.java:146)
	at org.testng.internal.TestMethodWorker.run(TestMethodWorker.java:128)
	at java.base/java.util.ArrayList.forEach(ArrayList.java:1597)
	at org.testng.TestRunner.privateRun(TestRunner.java:794)
	at org.testng.TestRunner.run(TestRunner.java:596)
	at org.testng.SuiteRunner.runTest(SuiteRunner.java:377)
	at org.testng.SuiteRunner.runSequentially(SuiteRunner.java:371)
	at org.testng.SuiteRunner.privateRun(SuiteRunner.java:332)
	at org.testng.SuiteRunner.run(SuiteRunner.java:276)
	at org.testng.SuiteRunnerWorker.runSuite(SuiteRunnerWorker.java:53)
	at org.testng.SuiteRunnerWorker.run(SuiteRunnerWorker.java:96)
	at org.testng.TestNG.runSuitesSequentially(TestNG.java:1212)
	at org.testng.TestNG.runSuitesLocally(TestNG.java:1134)
	at org.testng.TestNG.runSuites(TestNG.java:1063)
	at org.testng.TestNG.run(TestNG.java:1031)
	at org.testng.remote.AbstractRemoteTestNG.run(AbstractRemoteTestNG.java:115)
	at org.testng.remote.RemoteTestNG.initAndRun(RemoteTestNG.java:293)
	at org.testng.remote.RemoteTestNG.main(RemoteTestNG.java:91)
</pre></div></td>
<td>30</td>
<td>test.addContactTest@7c9d8e2</td></tr>
</table><p>
<table width='100%' border='1' class='invocation-passed'>
<tr><td colspan='4' align='center'><b>PASSED TESTS</b></td></tr>
<tr><td><b>Test method</b></td>
<td width="30%"><b>Exception</b></td>
<td width="10%"><b>Time (seconds)</b></td>
<td><b>Instance</b></td>
</tr>
<tr>
<td title='test.addContactTest.validateAddContactTest()'><b>validateAddContactTest</b><br>Test class: test.addContactTest<br>Parameters: TC_003, Validate Manditory fields, Abirami,  , 2000-08-23, abirami@gmail.com, +919966879856, 24,Mariamman kovil Street,, Saravana Nagar,Unniyur, Trichy, Tamilnadu, 637058, India, ErrorMessage Displayed, Contact validation failed: lastName: Path `lastName` is required.</td>
<td></td>
<td>4</td>
<td>test.addContactTest@7c9d8e2</td></tr>
<tr>
<td title='test.addContactTest.validateAddContactTest()'><b>validateAddContactTest</b><br>Test class: test.addContactTest<br>Parameters: TC_002, Validate Manditory fields,  , Srinivasan, 2000-08-23, abirami@gmail.com, +919966879856, 24,Mariamman kovil Street,, Saravana Nagar,Unniyur, Trichy, Tamilnadu, 637058, India, ErrorMessage Displayed, Contact validation failed: firstName: Path `firstName` is required.</td>
<td></td>
<td>5</td>
<td>test.addContactTest@7c9d8e2</td></tr>
<tr>
<td title='test.contactListTest.logoutTest()'><b>logoutTest</b><br>Test class: test.contactListTest</td>
<td></td>
<td>4</td>
<td>test.contactListTest@6200f9cb</td></tr>
<tr>
<td title='test.contactDetailTest.deleteContactTest()'><b>deleteContactTest</b><br>Test class: test.contactDetailTest</td>
<td></td>
<td>4</td>
<td>test.contactDetailTest@20d525</td></tr>
<tr>
<td title='test.addContactTest.validateAddContactTest()'><b>validateAddContactTest</b><br>Test class: test.addContactTest<br>Parameters: TC_009, Add another Contact, Sidhaarth, G, 1998-07-15, sidh123@gmail.com, +918797798561, 37-A,Mullai Apartments,, Anna Nagar,Chennai, Chennai, Tamilnadu, 637058, India, Contact Added Successfully, My Contacts</td>
<td></td>
<td>8</td>
<td>test.addContactTest@7c9d8e2</td></tr>
<tr>
<td title='test.contactListTest.validateContactDisplayTest()'><b>validateContactDisplayTest</b><br>Test class: test.contactListTest</td>
<td></td>
<td>2</td>
<td>test.contactListTest@6200f9cb</td></tr>
<tr>
<td title='test.signUpTest.validateSignupTest()'><b>validateSignupTest</b><br>Test class: test.signUpTest</td>
<td></td>
<td>2</td>
<td>test.signUpTest@41a2befb</td></tr>
<tr>
<td title='test.contactDetailTest.checkContactDetail()'><b>checkContactDetail</b><br>Test class: test.contactDetailTest</td>
<td></td>
<td>2</td>
<td>test.contactDetailTest@20d525</td></tr>
<tr>
<td title='test.addContactTest.validateAddContactTest()'><b>validateAddContactTest</b><br>Test class: test.addContactTest<br>Parameters: TC_007, Add contact without Optional Fields, Kamatchi, S, 2000-08-23, kamatchi65@gmail.com, +919944769176, 67-B,Bharathiyar Colony,  ,  , Tamilnadu, 637058, India, Contact Added Successfully, My Contacts</td>
<td></td>
<td>6</td>
<td>test.addContactTest@7c9d8e2</td></tr>
<tr>
<td title='test.loginTest.validateLoginTest()'><b>validateLoginTest</b><br>Test class: test.loginTest</td>
<td></td>
<td>2</td>
<td>test.loginTest@37ceb1df</td></tr>
<tr>
<td title='test.addContactTest.validateAddContactTest()'><b>validateAddContactTest</b><br>Test class: test.addContactTest<br>Parameters: TC_004, Validate Manditory fields, Abirami, Srinivasan, 23-08-2000, abirami@gmail.com, +919668798567, 24,Mariamman kovil Street,, Saravana Nagar,Unniyur, Trichy, Tamilnadu, 637058, India, ErrorMessage Displayed, Contact validation failed: birthdate: Birthdate is invalid</td>
<td></td>
<td>5</td>
<td>test.addContactTest@7c9d8e2</td></tr>
<tr>
<td title='test.addContactTest.validateAddContactTest()'><b>validateAddContactTest</b><br>Test class: test.addContactTest<br>Parameters: TC_008, Add another Contact, Giritharan, A, 2000-07-23, giritharan@gmail.com, +919966879987, 435,DLF Road,, Anna Nagar,Chennai, Chennai, Tamilnadu, 637058, India, Contact Added Successfully, My Contacts</td>
<td></td>
<td>7</td>
<td>test.addContactTest@7c9d8e2</td></tr>
<tr>
<td title='test.addContactTest.validateAddContactTest()'><b>validateAddContactTest</b><br>Test class: test.addContactTest<br>Parameters: TC_005, Validate with same values fields, Abi, Srini, 2000-08-23, abirami@gmail.com, +919966879856, 24,Mariamman kovil Street,, Saravana Nagar,Unniyur, Trichy, Tamilnadu, 637058, India, Contact Added Successfully, My Contacts</td>
<td></td>
<td>6</td>
<td>test.addContactTest@7c9d8e2</td></tr>
<tr>
<td title='test.loginTest.invalidLoginTest()'><b>invalidLoginTest</b><br>Test class: test.loginTest</td>
<td></td>
<td>1</td>
<td>test.loginTest@37ceb1df</td></tr>
<tr>
<td title='test.contactDetailTest.editContactDetailTest()'><b>editContactDetailTest</b><br>Test class: test.contactDetailTest</td>
<td></td>
<td>7</td>
<td>test.contactDetailTest@20d525</td></tr>
<tr>
<td title='test.addContactTest.validateAddContactTest()'><b>validateAddContactTest</b><br>Test class: test.addContactTest<br>Parameters: TC_006, Validate PhoneNo without extension , Kadambari, D, 1997-02-14, kadambari@gnail.com, 9087654321, 401,Anugraha Apartments,, JV  colony, Karur, Tamilnadu, 659087, India, Contact Added Successfully, My Contacts</td>
<td></td>
<td>5</td>
<td>test.addContactTest@7c9d8e2</td></tr>
</table><p>
</body>
</html>